<?xml version="1.0" encoding="UTF-8"?>
<!-- Generated by org.testng.reporters.JUnitXMLReporter -->
<testsuite ignored="0" hostname="DESKTOP-KISLKN3" failures="0" tests="6" name="Free CRM App Test Cases" time="0.135" errors="0" timestamp="26 Jul 2022 14:30:52 GMT">
  <testcase classname="com.crm.qa.testcases.LoginPageTest" name="@BeforeTest setUp" time="0.091">
    <failure type="java.lang.IllegalStateException" message="The driver executable does not exist: F:\Softwares\chromedriver_win32\chromedriver.exe">
      <![CDATA[java.lang.IllegalStateException: The driver executable does not exist: F:\Softwares\chromedriver_win32\chromedriver.exe
	at com.google.common.base.Preconditions.checkState(Preconditions.java:585)
	at org.openqa.selenium.remote.service.DriverService.checkExecutable(DriverService.java:137)
	at org.openqa.selenium.remote.service.DriverService.findExecutable(DriverService.java:132)
	at org.openqa.selenium.chrome.ChromeDriverService.access$000(ChromeDriverService.java:35)
	at org.openqa.selenium.chrome.ChromeDriverService$Builder.findDefaultExecutable(ChromeDriverService.java:156)
	at org.openqa.selenium.remote.service.DriverService$Builder.build(DriverService.java:346)
	at org.openqa.selenium.chrome.ChromeDriverService.createDefaultService(ChromeDriverService.java:91)
	at org.openqa.selenium.chrome.ChromeDriver.<init>(ChromeDriver.java:123)
	at com.crm.qa.base.TestBase.initialization(TestBase.java:45)
	at com.crm.qa.testcases.LoginPageTest.setUp(LoginPageTest.java:21)
... Removed 23 stack frames]]>
    </failure>
  </testcase> <!-- @BeforeTest setUp -->
  <testcase classname="com.crm.qa.testcases.PreLoginPageTest" name="@BeforeTest setUp" time="0.0">
    <skipped/>
  </testcase> <!-- @BeforeTest setUp -->
  <testcase classname="com.crm.qa.testcases.LoginPageTest" name="@AfterTest tearDown" time="0.0">
    <skipped/>
  </testcase> <!-- @AfterTest tearDown -->
  <testcase classname="com.crm.qa.testcases.PreLoginPageTest" name="@AfterTest tearDown" time="0.0">
    <skipped/>
  </testcase> <!-- @AfterTest tearDown -->
  <testcase classname="com.crm.qa.testcases.PreLoginPageTest" name="preLoginPageTitleTest" time="0.0">
    <skipped/>
  </testcase> <!-- preLoginPageTitleTest -->
  <testcase classname="com.crm.qa.testcases.LoginPageTest" name="SignInButtonTest" time="0.0">
    <skipped/>
  </testcase> <!-- SignInButtonTest -->
  <testcase classname="com.crm.qa.testcases.PreLoginPageTest" name="validateMainHeadingTest" time="0.0">
    <skipped/>
  </testcase> <!-- validateMainHeadingTest -->
  <testcase classname="com.crm.qa.testcases.LoginPageTest" name="loginPageTitleTest" time="0.0">
    <skipped/>
  </testcase> <!-- loginPageTitleTest -->
  <testcase classname="com.crm.qa.testcases.PreLoginPageTest" name="validateSubHeadingTest" time="0.0">
    <skipped/>
  </testcase> <!-- validateSubHeadingTest -->
  <testcase classname="com.crm.qa.testcases.LoginPageTest" name="loginTest" time="0.0">
    <skipped/>
  </testcase> <!-- loginTest -->
</testsuite> <!-- Free CRM App Test Cases -->
